<html>
<head>
<title>TestNG:  Download installer, install End Point and verify logs are sent</title>
<link href="../testng.css" rel="stylesheet" type="text/css" />
<link href="../my-testng.css" rel="stylesheet" type="text/css" />

<style type="text/css">
.log { display: none;} 
.stack-trace { display: none;} 
</style>
<script type="text/javascript">
<!--
function flip(e) {
  current = e.style.display;
  if (current == 'block') {
    e.style.display = 'none';
    return 0;
  }
  else {
    e.style.display = 'block';
    return 1;
  }
}

function toggleBox(szDivId, elem, msg1, msg2)
{
  var res = -1;  if (document.getElementById) {
    res = flip(document.getElementById(szDivId));
  }
  else if (document.all) {
    // this is the way old msie versions work
    res = flip(document.all[szDivId]);
  }
  if(elem) {
    if(res == 0) elem.innerHTML = msg1; else elem.innerHTML = msg2;
  }

}

function toggleAllBoxes() {
  if (document.getElementsByTagName) {
    d = document.getElementsByTagName('div');
    for (i = 0; i < d.length; i++) {
      if (d[i].className == 'log') {
        flip(d[i]);
      }
    }
  }
}

// -->
</script>

</head>
<body>
<h2 align='center'>Download installer, install End Point and verify logs are sent</h2><table border='1' align="center">
<tr>
<td>Tests passed/Failed/Skipped:</td><td>0/1/3</td>
</tr><tr>
<td>Started on:</td><td>Mon Oct 19 19:07:36 IDT 2020</td>
</tr>
<tr><td>Total time:</td><td>149 seconds (149891 ms)</td>
</tr><tr>
<td>Included groups:</td><td></td>
</tr><tr>
<td>Excluded groups:</td><td></td>
</tr>
</table><p/>
<small><i>(Hover the method name to see the test class name)</i></small><p/>
<table width='100%' border='1' class='invocation-failed'>
<tr><td colspan='4' align='center'><b>FAILED TESTS</b></td></tr>
<tr><td><b>Test method</b></td>
<td width="30%"><b>Exception</b></td>
<td width="10%"><b>Time (seconds)</b></td>
<td><b>Instance</b></td>
</tr>
<tr>
<td title='Tests.Environments.DownloadFromPortalTest.DownloadTest()'><b>DownloadTest</b><br>Test class: Tests.Environments.DownloadFromPortalTest</td>
<td><div><pre>java.lang.AssertionError: Could not download endpoint installation files
org.openqa.selenium.WebDriverException: chrome not reachable
  (Session info: chrome=86.0.4240.75)
Build info: version: &apos;3.141.59&apos;, revision: &apos;e82be7d358&apos;, time: &apos;2018-11-14T08:17:03&apos;
System info: host: &apos;NTY-EN-8D25HC2&apos;, ip: &apos;10.243.68.175&apos;, os.name: &apos;Windows 10&apos;, os.arch: &apos;amd64&apos;, os.version: &apos;10.0&apos;, java.version: &apos;12.0.2&apos;
Driver info: org.openqa.selenium.chrome.ChromeDriver
Capabilities {acceptInsecureCerts: false, browserName: chrome, browserVersion: 86.0.4240.75, chrome: {chromedriverVersion: 85.0.4183.87 (cd6713ebf92fa..., userDataDir: C:\Users\MOSHE~1.AVI\AppDat...}, goog:chromeOptions: {debuggerAddress: localhost:56704}, javascriptEnabled: true, networkConnectionEnabled: false, pageLoadStrategy: normal, platform: WINDOWS, platformName: WINDOWS, proxy: Proxy(), setWindowRect: true, strictFileInteractability: false, timeouts: {implicit: 0, pageLoad: 300000, script: 30000}, unhandledPromptBehavior: dismiss and notify, webauthn:virtualAuthenticators: true}
Session ID: 4f08e7ff591f41dc4aac704b2aea86cc
*** Element info: {Using=xpath, value=//span[contains(text(),&apos;TrustwaveEndpoint.exe&apos;)]}

Video: C:\Nep-2-next\nep-qa-master@b67ce9e09f9\nep-qa-automation\test-output\Capture\DownloadFromPortalTest 19-10-2020 19.07.36.avi


	at Actions.BrowserActions.DownloadFilesFromTrustWaveEndPointFolder(BrowserActions.java:500)
	at Tests.Environments.DownloadFromPortalTest.DownloadTest(DownloadFromPortalTest.java:43)
	at java.base/java.util.ArrayList.forEach(ArrayList.java:1540)
	at Utils.Main.RunTest.main(RunTest.java:87)
... Removed 25 stack frames</pre></div><a href='#' onClick='toggleBox("stack-trace224468764", this, "Click to show all stack frames", "Click to hide stack frames")'>Click to show all stack frames</a>
<div class='stack-trace' id='stack-trace224468764'><pre>java.lang.AssertionError: Could not download endpoint installation files
org.openqa.selenium.WebDriverException: chrome not reachable
  (Session info: chrome=86.0.4240.75)
Build info: version: &apos;3.141.59&apos;, revision: &apos;e82be7d358&apos;, time: &apos;2018-11-14T08:17:03&apos;
System info: host: &apos;NTY-EN-8D25HC2&apos;, ip: &apos;10.243.68.175&apos;, os.name: &apos;Windows 10&apos;, os.arch: &apos;amd64&apos;, os.version: &apos;10.0&apos;, java.version: &apos;12.0.2&apos;
Driver info: org.openqa.selenium.chrome.ChromeDriver
Capabilities {acceptInsecureCerts: false, browserName: chrome, browserVersion: 86.0.4240.75, chrome: {chromedriverVersion: 85.0.4183.87 (cd6713ebf92fa..., userDataDir: C:\Users\MOSHE~1.AVI\AppDat...}, goog:chromeOptions: {debuggerAddress: localhost:56704}, javascriptEnabled: true, networkConnectionEnabled: false, pageLoadStrategy: normal, platform: WINDOWS, platformName: WINDOWS, proxy: Proxy(), setWindowRect: true, strictFileInteractability: false, timeouts: {implicit: 0, pageLoad: 300000, script: 30000}, unhandledPromptBehavior: dismiss and notify, webauthn:virtualAuthenticators: true}
Session ID: 4f08e7ff591f41dc4aac704b2aea86cc
*** Element info: {Using=xpath, value=//span[contains(text(),&apos;TrustwaveEndpoint.exe&apos;)]}

Video: C:\Nep-2-next\nep-qa-master@b67ce9e09f9\nep-qa-automation\test-output\Capture\DownloadFromPortalTest 19-10-2020 19.07.36.avi


	at org.testng.Assert.fail(Assert.java:97)
	at Actions.BrowserActions.DownloadFilesFromTrustWaveEndPointFolder(BrowserActions.java:500)
	at Tests.Environments.DownloadFromPortalTest.DownloadTest(DownloadFromPortalTest.java:43)
	at java.base/jdk.internal.reflect.NativeMethodAccessorImpl.invoke0(Native Method)
	at java.base/jdk.internal.reflect.NativeMethodAccessorImpl.invoke(NativeMethodAccessorImpl.java:62)
	at java.base/jdk.internal.reflect.DelegatingMethodAccessorImpl.invoke(DelegatingMethodAccessorImpl.java:43)
	at java.base/java.lang.reflect.Method.invoke(Method.java:567)
	at org.testng.internal.MethodInvocationHelper.invokeMethod(MethodInvocationHelper.java:134)
	at org.testng.internal.TestInvoker.invokeMethod(TestInvoker.java:597)
	at org.testng.internal.TestInvoker.invokeTestMethod(TestInvoker.java:173)
	at org.testng.internal.MethodRunner.runInSequence(MethodRunner.java:46)
	at org.testng.internal.TestInvoker$MethodInvocationAgent.invoke(TestInvoker.java:816)
	at org.testng.internal.TestInvoker.invokeTestMethods(TestInvoker.java:146)
	at org.testng.internal.TestMethodWorker.invokeTestMethods(TestMethodWorker.java:146)
	at org.testng.internal.TestMethodWorker.run(TestMethodWorker.java:128)
	at java.base/java.util.ArrayList.forEach(ArrayList.java:1540)
	at org.testng.TestRunner.privateRun(TestRunner.java:766)
	at org.testng.TestRunner.run(TestRunner.java:587)
	at org.testng.SuiteRunner.runTest(SuiteRunner.java:384)
	at org.testng.SuiteRunner.runSequentially(SuiteRunner.java:378)
	at org.testng.SuiteRunner.privateRun(SuiteRunner.java:337)
	at org.testng.SuiteRunner.run(SuiteRunner.java:286)
	at org.testng.SuiteRunnerWorker.runSuite(SuiteRunnerWorker.java:53)
	at org.testng.SuiteRunnerWorker.run(SuiteRunnerWorker.java:96)
	at org.testng.TestNG.runSuitesSequentially(TestNG.java:1187)
	at org.testng.TestNG.runSuitesLocally(TestNG.java:1109)
	at org.testng.TestNG.runSuites(TestNG.java:1039)
	at org.testng.TestNG.run(TestNG.java:1007)
	at Utils.Main.RunTest.main(RunTest.java:87)
</pre></div></td>
<td>145</td>
<td>Tests.Environments.DownloadFromPortalTest@6483f5ae</td></tr>
</table><p>
<table width='100%' border='1' class='invocation-skipped'>
<tr><td colspan='4' align='center'><b>SKIPPED TESTS</b></td></tr>
<tr><td><b>Test method</b></td>
<td width="30%"><b>Exception</b></td>
<td width="10%"><b>Time (seconds)</b></td>
<td><b>Instance</b></td>
</tr>
<tr>
<td title='Tests.Environments.InstallEndPointEnvironmentsTest.InstallTest()'><b>InstallTest</b><br>Test class: Tests.Environments.InstallEndPointEnvironmentsTest</td>
<td><div><pre>java.lang.Throwable: Method InstallEndPointEnvironmentsTest.InstallTest()[pri:0, instance:Tests.Environments.InstallEndPointEnvironmentsTest@2df32bf7, instance params:[{Installation timeout=180, From service start until logs show active timeout=180, EP_Type_1=win, EP_UserName_1=solo-user, EP_Password_1=breach12345, EP_Values_Populate_Method=Row_For_Every_EP, EP_HostName_1=10.243.68.175}]] depends on not successfully finished methods in group &quot;download&quot;
	at java.base/java.util.ArrayList.forEach(ArrayList.java:1540)
	at Utils.Main.RunTest.main(RunTest.java:87)
... Removed 15 stack frames</pre></div><a href='#' onClick='toggleBox("stack-trace1800389329", this, "Click to show all stack frames", "Click to hide stack frames")'>Click to show all stack frames</a>
<div class='stack-trace' id='stack-trace1800389329'><pre>java.lang.Throwable: Method InstallEndPointEnvironmentsTest.InstallTest()[pri:0, instance:Tests.Environments.InstallEndPointEnvironmentsTest@2df32bf7, instance params:[{Installation timeout=180, From service start until logs show active timeout=180, EP_Type_1=win, EP_UserName_1=solo-user, EP_Password_1=breach12345, EP_Values_Populate_Method=Row_For_Every_EP, EP_HostName_1=10.243.68.175}]] depends on not successfully finished methods in group &quot;download&quot;
	at org.testng.internal.TestInvoker.invokeTestMethods(TestInvoker.java:101)
	at org.testng.internal.TestMethodWorker.invokeTestMethods(TestMethodWorker.java:146)
	at org.testng.internal.TestMethodWorker.run(TestMethodWorker.java:128)
	at java.base/java.util.ArrayList.forEach(ArrayList.java:1540)
	at org.testng.TestRunner.privateRun(TestRunner.java:766)
	at org.testng.TestRunner.run(TestRunner.java:587)
	at org.testng.SuiteRunner.runTest(SuiteRunner.java:384)
	at org.testng.SuiteRunner.runSequentially(SuiteRunner.java:378)
	at org.testng.SuiteRunner.privateRun(SuiteRunner.java:337)
	at org.testng.SuiteRunner.run(SuiteRunner.java:286)
	at org.testng.SuiteRunnerWorker.runSuite(SuiteRunnerWorker.java:53)
	at org.testng.SuiteRunnerWorker.run(SuiteRunnerWorker.java:96)
	at org.testng.TestNG.runSuitesSequentially(TestNG.java:1187)
	at org.testng.TestNG.runSuitesLocally(TestNG.java:1109)
	at org.testng.TestNG.runSuites(TestNG.java:1039)
	at org.testng.TestNG.run(TestNG.java:1007)
	at Utils.Main.RunTest.main(RunTest.java:87)
</pre></div></td>
<td>0</td>
<td>Tests.Environments.InstallEndPointEnvironmentsTest@2df32bf7</td></tr>
<tr>
<td title='Tests.Environments.ClientLogToPortalTest.SendLogsAndVerify()'><b>SendLogsAndVerify</b><br>Test class: Tests.Environments.ClientLogToPortalTest</td>
<td><div><pre>java.lang.Throwable: Method ClientLogToPortalTest.SendLogsAndVerify()[pri:0, instance:Tests.Environments.ClientLogToPortalTest@2a40cd94, instance params:[{Event Description=Hello!! this is the test info, Customer=TrustwaveEPstg Test #1, Log To Appear Timeout=600, Event Log=APPLICATION, Fusion Password=P@ssw0rd1, EP_UserName_1=solo-user, EP_Password_1=breach12345, Parameters Per Environment=STG, Fusion User Name=twSuperAdmin, Event ID=123, Add time stamp to description=Yes, Event Source=AutomationTest, Fusion Link=https://portal.stg.tw-test.net, EP_Type_1=win, Event Type=INFORMATION, Report Interval=30, EP_Values_Populate_Method=Row_For_Every_EP, EP_HostName_1=10.243.68.175}]] depends on not successfully finished methods in group &quot;verify&quot;
	at java.base/java.util.ArrayList.forEach(ArrayList.java:1540)
	at Utils.Main.RunTest.main(RunTest.java:87)
... Removed 15 stack frames</pre></div><a href='#' onClick='toggleBox("stack-trace104136534", this, "Click to show all stack frames", "Click to hide stack frames")'>Click to show all stack frames</a>
<div class='stack-trace' id='stack-trace104136534'><pre>java.lang.Throwable: Method ClientLogToPortalTest.SendLogsAndVerify()[pri:0, instance:Tests.Environments.ClientLogToPortalTest@2a40cd94, instance params:[{Event Description=Hello!! this is the test info, Customer=TrustwaveEPstg Test #1, Log To Appear Timeout=600, Event Log=APPLICATION, Fusion Password=P@ssw0rd1, EP_UserName_1=solo-user, EP_Password_1=breach12345, Parameters Per Environment=STG, Fusion User Name=twSuperAdmin, Event ID=123, Add time stamp to description=Yes, Event Source=AutomationTest, Fusion Link=https://portal.stg.tw-test.net, EP_Type_1=win, Event Type=INFORMATION, Report Interval=30, EP_Values_Populate_Method=Row_For_Every_EP, EP_HostName_1=10.243.68.175}]] depends on not successfully finished methods in group &quot;verify&quot;
	at org.testng.internal.TestInvoker.invokeTestMethods(TestInvoker.java:101)
	at org.testng.internal.TestMethodWorker.invokeTestMethods(TestMethodWorker.java:146)
	at org.testng.internal.TestMethodWorker.run(TestMethodWorker.java:128)
	at java.base/java.util.ArrayList.forEach(ArrayList.java:1540)
	at org.testng.TestRunner.privateRun(TestRunner.java:766)
	at org.testng.TestRunner.run(TestRunner.java:587)
	at org.testng.SuiteRunner.runTest(SuiteRunner.java:384)
	at org.testng.SuiteRunner.runSequentially(SuiteRunner.java:378)
	at org.testng.SuiteRunner.privateRun(SuiteRunner.java:337)
	at org.testng.SuiteRunner.run(SuiteRunner.java:286)
	at org.testng.SuiteRunnerWorker.runSuite(SuiteRunnerWorker.java:53)
	at org.testng.SuiteRunnerWorker.run(SuiteRunnerWorker.java:96)
	at org.testng.TestNG.runSuitesSequentially(TestNG.java:1187)
	at org.testng.TestNG.runSuitesLocally(TestNG.java:1109)
	at org.testng.TestNG.runSuites(TestNG.java:1039)
	at org.testng.TestNG.run(TestNG.java:1007)
	at Utils.Main.RunTest.main(RunTest.java:87)
</pre></div></td>
<td>0</td>
<td>Tests.Environments.ClientLogToPortalTest@2a40cd94</td></tr>
<tr>
<td title='Tests.Environments.VerifyEndPointOkAtPortalTest.VerifyEndPointStatusAtPortalTest()'><b>VerifyEndPointStatusAtPortalTest</b><br>Test class: Tests.Environments.VerifyEndPointOkAtPortalTest</td>
<td><div><pre>java.lang.Throwable: Method VerifyEndPointOkAtPortalTest.VerifyEndPointStatusAtPortalTest()[pri:0, instance:Tests.Environments.VerifyEndPointOkAtPortalTest@530612ba, instance params:[{Customer=TrustwaveEPstg Test #1}]] depends on not successfully finished methods in group &quot;install&quot;
	at java.base/java.util.ArrayList.forEach(ArrayList.java:1540)
	at Utils.Main.RunTest.main(RunTest.java:87)
... Removed 15 stack frames</pre></div><a href='#' onClick='toggleBox("stack-trace501491806", this, "Click to show all stack frames", "Click to hide stack frames")'>Click to show all stack frames</a>
<div class='stack-trace' id='stack-trace501491806'><pre>java.lang.Throwable: Method VerifyEndPointOkAtPortalTest.VerifyEndPointStatusAtPortalTest()[pri:0, instance:Tests.Environments.VerifyEndPointOkAtPortalTest@530612ba, instance params:[{Customer=TrustwaveEPstg Test #1}]] depends on not successfully finished methods in group &quot;install&quot;
	at org.testng.internal.TestInvoker.invokeTestMethods(TestInvoker.java:101)
	at org.testng.internal.TestMethodWorker.invokeTestMethods(TestMethodWorker.java:146)
	at org.testng.internal.TestMethodWorker.run(TestMethodWorker.java:128)
	at java.base/java.util.ArrayList.forEach(ArrayList.java:1540)
	at org.testng.TestRunner.privateRun(TestRunner.java:766)
	at org.testng.TestRunner.run(TestRunner.java:587)
	at org.testng.SuiteRunner.runTest(SuiteRunner.java:384)
	at org.testng.SuiteRunner.runSequentially(SuiteRunner.java:378)
	at org.testng.SuiteRunner.privateRun(SuiteRunner.java:337)
	at org.testng.SuiteRunner.run(SuiteRunner.java:286)
	at org.testng.SuiteRunnerWorker.runSuite(SuiteRunnerWorker.java:53)
	at org.testng.SuiteRunnerWorker.run(SuiteRunnerWorker.java:96)
	at org.testng.TestNG.runSuitesSequentially(TestNG.java:1187)
	at org.testng.TestNG.runSuitesLocally(TestNG.java:1109)
	at org.testng.TestNG.runSuites(TestNG.java:1039)
	at org.testng.TestNG.run(TestNG.java:1007)
	at Utils.Main.RunTest.main(RunTest.java:87)
</pre></div></td>
<td>0</td>
<td>Tests.Environments.VerifyEndPointOkAtPortalTest@530612ba</td></tr>
</table><p>
</body>
</html>