<?xml version="1.0" encoding="UTF-8"?>
<!-- Generated by org.testng.reporters.JUnitXMLReporter -->
<testsuite ignored="0" hostname="NTY-EN-8D25HC2" failures="1" tests="4" name="Download installer, install End Point and verify logs are sent" time="149.891" errors="0" timestamp="2020-10-19T19:10:06 IDT">
  <testcase classname="Tests.Environments.DownloadFromPortalTest" name="DownloadTest" time="145.047">
    <failure type="java.lang.AssertionError" message="Could not download endpoint installation files
org.openqa.selenium.WebDriverException: chrome not reachable
  (Session info: chrome=86.0.4240.75)
Build info: version: &amp;apos;3.141.59&amp;apos;, revision: &amp;apos;e82be7d358&amp;apos;, time: &amp;apos;2018-11-14T08:17:03&amp;apos;
System info: host: &amp;apos;NTY-EN-8D25HC2&amp;apos;, ip: &amp;apos;10.243.68.175&amp;apos;, os.name: &amp;apos;Windows 10&amp;apos;, os.arch: &amp;apos;amd64&amp;apos;, os.version: &amp;apos;10.0&amp;apos;, java.version: &amp;apos;12.0.2&amp;apos;
Driver info: org.openqa.selenium.chrome.ChromeDriver
Capabilities {acceptInsecureCerts: false, browserName: chrome, browserVersion: 86.0.4240.75, chrome: {chromedriverVersion: 85.0.4183.87 (cd6713ebf92fa..., userDataDir: C:\Users\MOSHE~1.AVI\AppDat...}, goog:chromeOptions: {debuggerAddress: localhost:56704}, javascriptEnabled: true, networkConnectionEnabled: false, pageLoadStrategy: normal, platform: WINDOWS, platformName: WINDOWS, proxy: Proxy(), setWindowRect: true, strictFileInteractability: false, timeouts: {implicit: 0, pageLoad: 300000, script: 30000}, unhandledPromptBehavior: dismiss and notify, webauthn:virtualAuthenticators: true}
Session ID: 4f08e7ff591f41dc4aac704b2aea86cc
*** Element info: {Using=xpath, value=//span[contains(text(),&amp;apos;TrustwaveEndpoint.exe&amp;apos;)]}

Video: C:\Nep-2-next\nep-qa-master@b67ce9e09f9\nep-qa-automation\test-output\Capture\DownloadFromPortalTest 19-10-2020 19.07.36.avi

">
      <![CDATA[java.lang.AssertionError: Could not download endpoint installation files
org.openqa.selenium.WebDriverException: chrome not reachable
  (Session info: chrome=86.0.4240.75)
Build info: version: '3.141.59', revision: 'e82be7d358', time: '2018-11-14T08:17:03'
System info: host: 'NTY-EN-8D25HC2', ip: '10.243.68.175', os.name: 'Windows 10', os.arch: 'amd64', os.version: '10.0', java.version: '12.0.2'
Driver info: org.openqa.selenium.chrome.ChromeDriver
Capabilities {acceptInsecureCerts: false, browserName: chrome, browserVersion: 86.0.4240.75, chrome: {chromedriverVersion: 85.0.4183.87 (cd6713ebf92fa..., userDataDir: C:\Users\MOSHE~1.AVI\AppDat...}, goog:chromeOptions: {debuggerAddress: localhost:56704}, javascriptEnabled: true, networkConnectionEnabled: false, pageLoadStrategy: normal, platform: WINDOWS, platformName: WINDOWS, proxy: Proxy(), setWindowRect: true, strictFileInteractability: false, timeouts: {implicit: 0, pageLoad: 300000, script: 30000}, unhandledPromptBehavior: dismiss and notify, webauthn:virtualAuthenticators: true}
Session ID: 4f08e7ff591f41dc4aac704b2aea86cc
*** Element info: {Using=xpath, value=//span[contains(text(),'TrustwaveEndpoint.exe')]}

Video: C:\Nep-2-next\nep-qa-master@b67ce9e09f9\nep-qa-automation\test-output\Capture\DownloadFromPortalTest 19-10-2020 19.07.36.avi


at Actions.BrowserActions.DownloadFilesFromTrustWaveEndPointFolder(BrowserActions.java:500)
at Tests.Environments.DownloadFromPortalTest.DownloadTest(DownloadFromPortalTest.java:43)
at java.base/java.util.ArrayList.forEach(ArrayList.java:1540)
at Utils.Main.RunTest.main(RunTest.java:87)
... Removed 25 stack frames]]>
    </failure>
  </testcase> <!-- DownloadTest -->
  <testcase classname="Tests.Environments.InstallEndPointEnvironmentsTest" name="InstallTest" time="0.0">
    <skipped/>
  </testcase> <!-- InstallTest -->
  <testcase classname="Tests.Environments.VerifyEndPointOkAtPortalTest" name="VerifyEndPointStatusAtPortalTest" time="0.0">
    <skipped/>
  </testcase> <!-- VerifyEndPointStatusAtPortalTest -->
  <testcase classname="Tests.Environments.ClientLogToPortalTest" name="SendLogsAndVerify" time="0.0">
    <skipped/>
  </testcase> <!-- SendLogsAndVerify -->
</testsuite> <!-- Download installer, install End Point and verify logs are sent -->
