<?xml version="1.0" encoding="UTF-8"?>
<testng-results ignored="0" total="4" passed="0" failed="1" skipped="3">
  <reporter-output>
  </reporter-output>
  <suite started-at="2020-10-19T19:07:36 IDT" name="Download and install" finished-at="2020-10-19T19:10:06 IDT" duration-ms="149891">
    <groups>
      <group name="download">
        <method signature="DownloadFromPortalTest.DownloadTest()[pri:0, instance:Tests.Environments.DownloadFromPortalTest@6483f5ae, instance params:[{EP_Type_1=win, Customer=TrustwaveEPstg Test #1, Wait because File is still being processed (virus scanned and stored)=300, Wait files to be downloaded timeout in seconds=600, EP_UserName_1=solo-user, EP_Password_1=breach12345, Wait for publish to be completed=180, EP_Values_Populate_Method=Row_For_Every_EP, EP_HostName_1=10.243.68.175, Wait files ready to download timeout=240}]]" name="DownloadTest" class="Tests.Environments.DownloadFromPortalTest"/>
      </group> <!-- download -->
      <group name="install">
        <method signature="InstallEndPointEnvironmentsTest.InstallTest()[pri:0, instance:Tests.Environments.InstallEndPointEnvironmentsTest@2df32bf7, instance params:[{Installation timeout=180, From service start until logs show active timeout=180, EP_Type_1=win, EP_UserName_1=solo-user, EP_Password_1=breach12345, EP_Values_Populate_Method=Row_For_Every_EP, EP_HostName_1=10.243.68.175}]]" name="InstallTest" class="Tests.Environments.InstallEndPointEnvironmentsTest"/>
      </group> <!-- install -->
      <group name="verify">
        <method signature="VerifyEndPointOkAtPortalTest.VerifyEndPointStatusAtPortalTest()[pri:0, instance:Tests.Environments.VerifyEndPointOkAtPortalTest@530612ba, instance params:[{Customer=TrustwaveEPstg Test #1}]]" name="VerifyEndPointStatusAtPortalTest" class="Tests.Environments.VerifyEndPointOkAtPortalTest"/>
      </group> <!-- verify -->
      <group name="logs">
        <method signature="ClientLogToPortalTest.SendLogsAndVerify()[pri:0, instance:Tests.Environments.ClientLogToPortalTest@2a40cd94, instance params:[{Event Description=Hello!! this is the test info, Customer=TrustwaveEPstg Test #1, Log To Appear Timeout=600, Event Log=APPLICATION, Fusion Password=P@ssw0rd1, EP_UserName_1=solo-user, EP_Password_1=breach12345, Parameters Per Environment=STG, Fusion User Name=twSuperAdmin, Event ID=123, Add time stamp to description=Yes, Event Source=AutomationTest, Fusion Link=https://portal.stg.tw-test.net, EP_Type_1=win, Event Type=INFORMATION, Report Interval=30, EP_Values_Populate_Method=Row_For_Every_EP, EP_HostName_1=10.243.68.175}]]" name="SendLogsAndVerify" class="Tests.Environments.ClientLogToPortalTest"/>
      </group> <!-- logs -->
    </groups>
    <test started-at="2020-10-19T19:07:36 IDT" name="Download installer, install End Point and verify logs are sent" finished-at="2020-10-19T19:10:06 IDT" duration-ms="149891">
      <class name="Tests.Environments.DownloadFromPortalTest">
        <test-method is-config="true" signature="BeforeMethod()[pri:0, instance:Tests.Environments.DownloadFromPortalTest@6483f5ae]" started-at="2020-10-19T19:07:36 IDT" name="BeforeMethod" finished-at="2020-10-19T19:07:36 IDT" duration-ms="68" status="PASS">
          <reporter-output>
          </reporter-output>
        </test-method> <!-- BeforeMethod -->
        <test-method signature="DownloadTest()[pri:0, instance:Tests.Environments.DownloadFromPortalTest@6483f5ae, instance params:[{EP_Type_1=win, Customer=TrustwaveEPstg Test #1, Wait because File is still being processed (virus scanned and stored)=300, Wait files to be downloaded timeout in seconds=600, EP_UserName_1=solo-user, EP_Password_1=breach12345, Wait for publish to be completed=180, EP_Values_Populate_Method=Row_For_Every_EP, EP_HostName_1=10.243.68.175, Wait files ready to download timeout=240}]]" started-at="2020-10-19T19:07:36 IDT" name="DownloadTest" finished-at="2020-10-19T19:10:01 IDT" duration-ms="145047" status="FAIL">
          <exception class="java.lang.AssertionError">
            <message>
              <![CDATA[Could not download endpoint installation files
org.openqa.selenium.WebDriverException: chrome not reachable
  (Session info: chrome=86.0.4240.75)
Build info: version: '3.141.59', revision: 'e82be7d358', time: '2018-11-14T08:17:03'
System info: host: 'NTY-EN-8D25HC2', ip: '10.243.68.175', os.name: 'Windows 10', os.arch: 'amd64', os.version: '10.0', java.version: '12.0.2'
Driver info: org.openqa.selenium.chrome.ChromeDriver
Capabilities {acceptInsecureCerts: false, browserName: chrome, browserVersion: 86.0.4240.75, chrome: {chromedriverVersion: 85.0.4183.87 (cd6713ebf92fa..., userDataDir: C:\Users\MOSHE~1.AVI\AppDat...}, goog:chromeOptions: {debuggerAddress: localhost:56704}, javascriptEnabled: true, networkConnectionEnabled: false, pageLoadStrategy: normal, platform: WINDOWS, platformName: WINDOWS, proxy: Proxy(), setWindowRect: true, strictFileInteractability: false, timeouts: {implicit: 0, pageLoad: 300000, script: 30000}, unhandledPromptBehavior: dismiss and notify, webauthn:virtualAuthenticators: true}
Session ID: 4f08e7ff591f41dc4aac704b2aea86cc
*** Element info: {Using=xpath, value=//span[contains(text(),'TrustwaveEndpoint.exe')]}

Video: C:\Nep-2-next\nep-qa-master@b67ce9e09f9\nep-qa-automation\test-output\Capture\DownloadFromPortalTest 19-10-2020 19.07.36.avi

]]>
            </message>
            <full-stacktrace>
              <![CDATA[java.lang.AssertionError: Could not download endpoint installation files
org.openqa.selenium.WebDriverException: chrome not reachable
  (Session info: chrome=86.0.4240.75)
Build info: version: '3.141.59', revision: 'e82be7d358', time: '2018-11-14T08:17:03'
System info: host: 'NTY-EN-8D25HC2', ip: '10.243.68.175', os.name: 'Windows 10', os.arch: 'amd64', os.version: '10.0', java.version: '12.0.2'
Driver info: org.openqa.selenium.chrome.ChromeDriver
Capabilities {acceptInsecureCerts: false, browserName: chrome, browserVersion: 86.0.4240.75, chrome: {chromedriverVersion: 85.0.4183.87 (cd6713ebf92fa..., userDataDir: C:\Users\MOSHE~1.AVI\AppDat...}, goog:chromeOptions: {debuggerAddress: localhost:56704}, javascriptEnabled: true, networkConnectionEnabled: false, pageLoadStrategy: normal, platform: WINDOWS, platformName: WINDOWS, proxy: Proxy(), setWindowRect: true, strictFileInteractability: false, timeouts: {implicit: 0, pageLoad: 300000, script: 30000}, unhandledPromptBehavior: dismiss and notify, webauthn:virtualAuthenticators: true}
Session ID: 4f08e7ff591f41dc4aac704b2aea86cc
*** Element info: {Using=xpath, value=//span[contains(text(),'TrustwaveEndpoint.exe')]}

Video: C:\Nep-2-next\nep-qa-master@b67ce9e09f9\nep-qa-automation\test-output\Capture\DownloadFromPortalTest 19-10-2020 19.07.36.avi


at org.testng.Assert.fail(Assert.java:97)
at Actions.BrowserActions.DownloadFilesFromTrustWaveEndPointFolder(BrowserActions.java:500)
at Tests.Environments.DownloadFromPortalTest.DownloadTest(DownloadFromPortalTest.java:43)
at java.base/jdk.internal.reflect.NativeMethodAccessorImpl.invoke0(Native Method)
at java.base/jdk.internal.reflect.NativeMethodAccessorImpl.invoke(NativeMethodAccessorImpl.java:62)
at java.base/jdk.internal.reflect.DelegatingMethodAccessorImpl.invoke(DelegatingMethodAccessorImpl.java:43)
at java.base/java.lang.reflect.Method.invoke(Method.java:567)
at org.testng.internal.MethodInvocationHelper.invokeMethod(MethodInvocationHelper.java:134)
at org.testng.internal.TestInvoker.invokeMethod(TestInvoker.java:597)
at org.testng.internal.TestInvoker.invokeTestMethod(TestInvoker.java:173)
at org.testng.internal.MethodRunner.runInSequence(MethodRunner.java:46)
at org.testng.internal.TestInvoker$MethodInvocationAgent.invoke(TestInvoker.java:816)
at org.testng.internal.TestInvoker.invokeTestMethods(TestInvoker.java:146)
at org.testng.internal.TestMethodWorker.invokeTestMethods(TestMethodWorker.java:146)
at org.testng.internal.TestMethodWorker.run(TestMethodWorker.java:128)
at java.base/java.util.ArrayList.forEach(ArrayList.java:1540)
at org.testng.TestRunner.privateRun(TestRunner.java:766)
at org.testng.TestRunner.run(TestRunner.java:587)
at org.testng.SuiteRunner.runTest(SuiteRunner.java:384)
at org.testng.SuiteRunner.runSequentially(SuiteRunner.java:378)
at org.testng.SuiteRunner.privateRun(SuiteRunner.java:337)
at org.testng.SuiteRunner.run(SuiteRunner.java:286)
at org.testng.SuiteRunnerWorker.runSuite(SuiteRunnerWorker.java:53)
at org.testng.SuiteRunnerWorker.run(SuiteRunnerWorker.java:96)
at org.testng.TestNG.runSuitesSequentially(TestNG.java:1187)
at org.testng.TestNG.runSuitesLocally(TestNG.java:1109)
at org.testng.TestNG.runSuites(TestNG.java:1039)
at org.testng.TestNG.run(TestNG.java:1007)
at Utils.Main.RunTest.main(RunTest.java:87)
]]>
            </full-stacktrace>
          </exception> <!-- java.lang.AssertionError -->
          <reporter-output>
          </reporter-output>
        </test-method> <!-- DownloadTest -->
        <test-method is-config="true" signature="Close()[pri:0, instance:Tests.Environments.DownloadFromPortalTest@6483f5ae]" started-at="2020-10-19T19:10:01 IDT" name="Close" finished-at="2020-10-19T19:10:06 IDT" duration-ms="4430" status="PASS">
          <reporter-output>
          </reporter-output>
        </test-method> <!-- Close -->
        <test-method is-config="true" signature="afterMethod()[pri:0, instance:Tests.Environments.DownloadFromPortalTest@6483f5ae]" started-at="2020-10-19T19:10:06 IDT" name="afterMethod" finished-at="2020-10-19T19:10:06 IDT" duration-ms="0" status="PASS">
          <reporter-output>
          </reporter-output>
        </test-method> <!-- afterMethod -->
      </class> <!-- Tests.Environments.DownloadFromPortalTest -->
      <class name="Tests.Environments.InstallEndPointEnvironmentsTest">
        <test-method signature="InstallTest()[pri:0, instance:Tests.Environments.InstallEndPointEnvironmentsTest@2df32bf7, instance params:[{Installation timeout=180, From service start until logs show active timeout=180, EP_Type_1=win, EP_UserName_1=solo-user, EP_Password_1=breach12345, EP_Values_Populate_Method=Row_For_Every_EP, EP_HostName_1=10.243.68.175}]]" started-at="2020-10-19T19:10:06 IDT" name="InstallTest" depends-on-groups="download" finished-at="2020-10-19T19:10:06 IDT" duration-ms="0" status="SKIP">
          <exception class="java.lang.Throwable">
            <message>
              <![CDATA[Method InstallEndPointEnvironmentsTest.InstallTest()[pri:0, instance:Tests.Environments.InstallEndPointEnvironmentsTest@2df32bf7, instance params:[{Installation timeout=180, From service start until logs show active timeout=180, EP_Type_1=win, EP_UserName_1=solo-user, EP_Password_1=breach12345, EP_Values_Populate_Method=Row_For_Every_EP, EP_HostName_1=10.243.68.175}]] depends on not successfully finished methods in group "download"]]>
            </message>
            <full-stacktrace>
              <![CDATA[java.lang.Throwable: Method InstallEndPointEnvironmentsTest.InstallTest()[pri:0, instance:Tests.Environments.InstallEndPointEnvironmentsTest@2df32bf7, instance params:[{Installation timeout=180, From service start until logs show active timeout=180, EP_Type_1=win, EP_UserName_1=solo-user, EP_Password_1=breach12345, EP_Values_Populate_Method=Row_For_Every_EP, EP_HostName_1=10.243.68.175}]] depends on not successfully finished methods in group "download"
at org.testng.internal.TestInvoker.invokeTestMethods(TestInvoker.java:101)
at org.testng.internal.TestMethodWorker.invokeTestMethods(TestMethodWorker.java:146)
at org.testng.internal.TestMethodWorker.run(TestMethodWorker.java:128)
at java.base/java.util.ArrayList.forEach(ArrayList.java:1540)
at org.testng.TestRunner.privateRun(TestRunner.java:766)
at org.testng.TestRunner.run(TestRunner.java:587)
at org.testng.SuiteRunner.runTest(SuiteRunner.java:384)
at org.testng.SuiteRunner.runSequentially(SuiteRunner.java:378)
at org.testng.SuiteRunner.privateRun(SuiteRunner.java:337)
at org.testng.SuiteRunner.run(SuiteRunner.java:286)
at org.testng.SuiteRunnerWorker.runSuite(SuiteRunnerWorker.java:53)
at org.testng.SuiteRunnerWorker.run(SuiteRunnerWorker.java:96)
at org.testng.TestNG.runSuitesSequentially(TestNG.java:1187)
at org.testng.TestNG.runSuitesLocally(TestNG.java:1109)
at org.testng.TestNG.runSuites(TestNG.java:1039)
at org.testng.TestNG.run(TestNG.java:1007)
at Utils.Main.RunTest.main(RunTest.java:87)
]]>
            </full-stacktrace>
          </exception> <!-- java.lang.Throwable -->
          <reporter-output>
          </reporter-output>
        </test-method> <!-- InstallTest -->
      </class> <!-- Tests.Environments.InstallEndPointEnvironmentsTest -->
      <class name="Tests.Environments.VerifyEndPointOkAtPortalTest">
        <test-method signature="VerifyEndPointStatusAtPortalTest()[pri:0, instance:Tests.Environments.VerifyEndPointOkAtPortalTest@530612ba, instance params:[{Customer=TrustwaveEPstg Test #1}]]" started-at="2020-10-19T19:10:06 IDT" name="VerifyEndPointStatusAtPortalTest" depends-on-groups="install" finished-at="2020-10-19T19:10:06 IDT" duration-ms="0" status="SKIP">
          <exception class="java.lang.Throwable">
            <message>
              <![CDATA[Method VerifyEndPointOkAtPortalTest.VerifyEndPointStatusAtPortalTest()[pri:0, instance:Tests.Environments.VerifyEndPointOkAtPortalTest@530612ba, instance params:[{Customer=TrustwaveEPstg Test #1}]] depends on not successfully finished methods in group "install"]]>
            </message>
            <full-stacktrace>
              <![CDATA[java.lang.Throwable: Method VerifyEndPointOkAtPortalTest.VerifyEndPointStatusAtPortalTest()[pri:0, instance:Tests.Environments.VerifyEndPointOkAtPortalTest@530612ba, instance params:[{Customer=TrustwaveEPstg Test #1}]] depends on not successfully finished methods in group "install"
at org.testng.internal.TestInvoker.invokeTestMethods(TestInvoker.java:101)
at org.testng.internal.TestMethodWorker.invokeTestMethods(TestMethodWorker.java:146)
at org.testng.internal.TestMethodWorker.run(TestMethodWorker.java:128)
at java.base/java.util.ArrayList.forEach(ArrayList.java:1540)
at org.testng.TestRunner.privateRun(TestRunner.java:766)
at org.testng.TestRunner.run(TestRunner.java:587)
at org.testng.SuiteRunner.runTest(SuiteRunner.java:384)
at org.testng.SuiteRunner.runSequentially(SuiteRunner.java:378)
at org.testng.SuiteRunner.privateRun(SuiteRunner.java:337)
at org.testng.SuiteRunner.run(SuiteRunner.java:286)
at org.testng.SuiteRunnerWorker.runSuite(SuiteRunnerWorker.java:53)
at org.testng.SuiteRunnerWorker.run(SuiteRunnerWorker.java:96)
at org.testng.TestNG.runSuitesSequentially(TestNG.java:1187)
at org.testng.TestNG.runSuitesLocally(TestNG.java:1109)
at org.testng.TestNG.runSuites(TestNG.java:1039)
at org.testng.TestNG.run(TestNG.java:1007)
at Utils.Main.RunTest.main(RunTest.java:87)
]]>
            </full-stacktrace>
          </exception> <!-- java.lang.Throwable -->
          <reporter-output>
          </reporter-output>
        </test-method> <!-- VerifyEndPointStatusAtPortalTest -->
      </class> <!-- Tests.Environments.VerifyEndPointOkAtPortalTest -->
      <class name="Tests.Environments.ClientLogToPortalTest">
        <test-method signature="SendLogsAndVerify()[pri:0, instance:Tests.Environments.ClientLogToPortalTest@2a40cd94, instance params:[{Event Description=Hello!! this is the test info, Customer=TrustwaveEPstg Test #1, Log To Appear Timeout=600, Event Log=APPLICATION, Fusion Password=P@ssw0rd1, EP_UserName_1=solo-user, EP_Password_1=breach12345, Parameters Per Environment=STG, Fusion User Name=twSuperAdmin, Event ID=123, Add time stamp to description=Yes, Event Source=AutomationTest, Fusion Link=https://portal.stg.tw-test.net, EP_Type_1=win, Event Type=INFORMATION, Report Interval=30, EP_Values_Populate_Method=Row_For_Every_EP, EP_HostName_1=10.243.68.175}]]" started-at="2020-10-19T19:10:06 IDT" name="SendLogsAndVerify" depends-on-groups="verify" finished-at="2020-10-19T19:10:06 IDT" duration-ms="0" status="SKIP">
          <exception class="java.lang.Throwable">
            <message>
              <![CDATA[Method ClientLogToPortalTest.SendLogsAndVerify()[pri:0, instance:Tests.Environments.ClientLogToPortalTest@2a40cd94, instance params:[{Event Description=Hello!! this is the test info, Customer=TrustwaveEPstg Test #1, Log To Appear Timeout=600, Event Log=APPLICATION, Fusion Password=P@ssw0rd1, EP_UserName_1=solo-user, EP_Password_1=breach12345, Parameters Per Environment=STG, Fusion User Name=twSuperAdmin, Event ID=123, Add time stamp to description=Yes, Event Source=AutomationTest, Fusion Link=https://portal.stg.tw-test.net, EP_Type_1=win, Event Type=INFORMATION, Report Interval=30, EP_Values_Populate_Method=Row_For_Every_EP, EP_HostName_1=10.243.68.175}]] depends on not successfully finished methods in group "verify"]]>
            </message>
            <full-stacktrace>
              <![CDATA[java.lang.Throwable: Method ClientLogToPortalTest.SendLogsAndVerify()[pri:0, instance:Tests.Environments.ClientLogToPortalTest@2a40cd94, instance params:[{Event Description=Hello!! this is the test info, Customer=TrustwaveEPstg Test #1, Log To Appear Timeout=600, Event Log=APPLICATION, Fusion Password=P@ssw0rd1, EP_UserName_1=solo-user, EP_Password_1=breach12345, Parameters Per Environment=STG, Fusion User Name=twSuperAdmin, Event ID=123, Add time stamp to description=Yes, Event Source=AutomationTest, Fusion Link=https://portal.stg.tw-test.net, EP_Type_1=win, Event Type=INFORMATION, Report Interval=30, EP_Values_Populate_Method=Row_For_Every_EP, EP_HostName_1=10.243.68.175}]] depends on not successfully finished methods in group "verify"
at org.testng.internal.TestInvoker.invokeTestMethods(TestInvoker.java:101)
at org.testng.internal.TestMethodWorker.invokeTestMethods(TestMethodWorker.java:146)
at org.testng.internal.TestMethodWorker.run(TestMethodWorker.java:128)
at java.base/java.util.ArrayList.forEach(ArrayList.java:1540)
at org.testng.TestRunner.privateRun(TestRunner.java:766)
at org.testng.TestRunner.run(TestRunner.java:587)
at org.testng.SuiteRunner.runTest(SuiteRunner.java:384)
at org.testng.SuiteRunner.runSequentially(SuiteRunner.java:378)
at org.testng.SuiteRunner.privateRun(SuiteRunner.java:337)
at org.testng.SuiteRunner.run(SuiteRunner.java:286)
at org.testng.SuiteRunnerWorker.runSuite(SuiteRunnerWorker.java:53)
at org.testng.SuiteRunnerWorker.run(SuiteRunnerWorker.java:96)
at org.testng.TestNG.runSuitesSequentially(TestNG.java:1187)
at org.testng.TestNG.runSuitesLocally(TestNG.java:1109)
at org.testng.TestNG.runSuites(TestNG.java:1039)
at org.testng.TestNG.run(TestNG.java:1007)
at Utils.Main.RunTest.main(RunTest.java:87)
]]>
            </full-stacktrace>
          </exception> <!-- java.lang.Throwable -->
          <reporter-output>
          </reporter-output>
        </test-method> <!-- SendLogsAndVerify -->
      </class> <!-- Tests.Environments.ClientLogToPortalTest -->
    </test> <!-- Download installer, install End Point and verify logs are sent -->
  </suite> <!-- Download and install -->
</testng-results>
